###############################################################################
#                                                                             #
# IAR C/C++ Compiler V7.51A/W32 for 8051                16/Sep/2011  10:53:11 #
# Copyright 2004-2009 IAR Systems AB.                                         #
#                                                                             #
#    Core               =  plain                                              #
#    Code model         =  banked                                             #
#    Data model         =  large                                              #
#    Calling convention =  xdata reentrant                                    #
#    Constant location  =  data_rom                                           #
#    Dptr setup         =  1,16                                               #
#    Source file        =  C:\Documents and Settings\Administrator\×ÀÃæ\ZStac #
#                          k¶¨Ê±¸´Î»¼ì²â\Components\mac\low_level\srf04\singl #
#                          e_chip\mac_radio_defs.c                            #
#    Command line       =  -f "C:\Documents and Settings\Administrator\×ÀÃæ\Z #
#                          Stack¶¨Ê±¸´Î»¼ì²â\Projects\zstack\Samples\SampleAp #
#                          p\CC2530DB\..\..\..\Tools\CC2530DB\f8wCoord.cfg"   #
#                          (-DCPU32MHZ -DROOT=__near_func                     #
#                          -DMAC_CFG_APP_PENDING_QUEUE=TRUE                   #
#                          -DMAC_CFG_TX_DATA_MAX=5 -DMAC_CFG_TX_MAX=8         #
#                          -DMAC_CFG_RX_MAX=5 -DZDO_COORDINATOR -DRTR_NWK)    #
#                          -f "C:\Documents and Settings\Administrator\×ÀÃæ\Z #
#                          Stack¶¨Ê±¸´Î»¼ì²â\Projects\zstack\Samples\SampleAp #
#                          p\CC2530DB\..\..\..\Tools\CC2530DB\f8wConfig.cfg"  #
#                          (-DSECURE=0 -DZG_SECURE_DYNAMIC=0 -DREFLECTOR      #
#                          -DDEFAULT_CHANLIST=0x00000800                      #
#                          -DZDAPP_CONFIG_PAN_ID=0xFFFF                       #
#                          -DNWK_START_DELAY=100 -DEXTENDED_JOINING_RANDOM_MA #
#                          SK=0x007F -DBEACON_REQUEST_DELAY=100               #
#                          -DBEACON_REQ_DELAY_MASK=0x00FF                     #
#                          -DLINK_STATUS_JITTER_MASK=0x007F                   #
#                          -DROUTE_EXPIRY_TIME=30 -DAPSC_ACK_WAIT_DURATION_PO #
#                          LLED=3000 -DNWK_INDIRECT_MSG_TIMEOUT=7             #
#                          -DMAX_RREQ_ENTRIES=8 -DAPSC_MAX_FRAME_RETRIES=3    #
#                          -DNWK_MAX_DATA_RETRIES=2                           #
#                          -DMAX_POLL_FAILURE_RETRIES=2 -DMAX_BCAST=9         #
#                          -DAPS_MAX_GROUPS=16 -DMAX_RTG_ENTRIES=40           #
#                          -DNWK_MAX_BINDING_ENTRIES=4                        #
#                          -DMAX_BINDING_CLUSTER_IDS=4 "-DDEFAULT_KEY={0x01,  #
#                          0x03, 0x05, 0x07, 0x09, 0x0B, 0x0D, 0x0F, 0x00,    #
#                          0x02, 0x04, 0x06, 0x08, 0x0A, 0x0C, 0x0D}"         #
#                          -DMAC_MAX_FRAME_SIZE=116                           #
#                          -DZDNWKMGR_MIN_TRANSMISSIONS=20 "-DCONST=const     #
#                          __code" -DGENERIC=__generic                        #
#                          -DRFD_RCVC_ALWAYS_ON=FALSE -DPOLL_RATE=1000        #
#                          -DQUEUED_POLL_RATE=100 -DRESPONSE_POLL_RATE=100)   #
#                          -DREJOIN_POLL_RATE=440 "C:\Documents and           #
#                          Settings\Administrator\×ÀÃæ\ZStack¶¨Ê±¸´Î»¼ì²â\Com #
#                          ponents\mac\low_level\srf04\single_chip\mac_radio_ #
#                          defs.c" -D ZTOOL_P1 -D MT_TASK -D MT_SYS_FUNC -D   #
#                          MT_ZDO_FUNC -D HAL_UART=TRUE -D SERIAL_APP_PORT=0  #
#                          -D BUILD_ALL_DEVICES -D xLCD_SUPPORTED=DEBUG -D    #
#                          SOFT_SATRT -D ZDO_COORDINATOR -D NV_INIT -D        #
#                          RTR_NWK -lC "C:\Documents and                      #
#                          Settings\Administrator\×ÀÃæ\ZStack¶¨Ê±¸´Î»¼ì²â\Pro #
#                          jects\zstack\Samples\SampleApp\CC2530DB\Coordinato #
#                          rEB\List\" -lA "C:\Documents and                   #
#                          Settings\Administrator\×ÀÃæ\ZStack¶¨Ê±¸´Î»¼ì²â\Pro #
#                          jects\zstack\Samples\SampleApp\CC2530DB\Coordinato #
#                          rEB\List\" --diag_suppress Pe001,Pa010 -o          #
#                          "C:\Documents and Settings\Administrator\×ÀÃæ\ZSta #
#                          ck¶¨Ê±¸´Î»¼ì²â\Projects\zstack\Samples\SampleApp\C #
#                          C2530DB\CoordinatorEB\Obj\" -e                     #
#                          --require_prototypes --debug --core=plain          #
#                          --dptr=16,1 --data_model=large                     #
#                          --code_model=banked --calling_convention=xdata_ree #
#                          ntrant --place_constants=data_rom                  #
#                          --nr_virtual_regs 16 -I "C:\Documents and          #
#                          Settings\Administrator\×ÀÃæ\ZStack¶¨Ê±¸´Î»¼ì²â\Pro #
#                          jects\zstack\Samples\SampleApp\CC2530DB\" -I       #
#                          "C:\Documents and Settings\Administrator\×ÀÃæ\ZSta #
#                          ck¶¨Ê±¸´Î»¼ì²â\Projects\zstack\Samples\SampleApp\C #
#                          C2530DB\..\SOURCE\" -I "C:\Documents and           #
#                          Settings\Administrator\×ÀÃæ\ZStack¶¨Ê±¸´Î»¼ì²â\Pro #
#                          jects\zstack\Samples\SampleApp\CC2530DB\..\..\..\Z #
#                          MAIN\TI2530DB\" -I "C:\Documents and               #
#                          Settings\Administrator\×ÀÃæ\ZStack¶¨Ê±¸´Î»¼ì²â\Pro #
#                          jects\zstack\Samples\SampleApp\CC2530DB\..\..\..\. #
#                          .\..\COMPONENTS\MT\" -I "C:\Documents and          #
#                          Settings\Administrator\×ÀÃæ\ZStack¶¨Ê±¸´Î»¼ì²â\Pro #
#                          jects\zstack\Samples\SampleApp\CC2530DB\..\..\..\. #
#                          .\..\COMPONENTS\HAL\INCLUDE\" -I "C:\Documents     #
#                          and Settings\Administrator\×ÀÃæ\ZStack¶¨Ê±¸´Î»¼ì²â #
#                          \Projects\zstack\Samples\SampleApp\CC2530DB\..\..\ #
#                          ..\..\..\COMPONENTS\HAL\TARGET\CC2530EB\" -I       #
#                          "C:\Documents and Settings\Administrator\×ÀÃæ\ZSta #
#                          ck¶¨Ê±¸´Î»¼ì²â\Projects\zstack\Samples\SampleApp\C #
#                          C2530DB\..\..\..\..\..\COMPONENTS\OSAL\MCU\CCSOC\" #
#                           -I "C:\Documents and Settings\Administrator\×ÀÃæ\ #
#                          ZStack¶¨Ê±¸´Î»¼ì²â\Projects\zstack\Samples\SampleA #
#                          pp\CC2530DB\..\..\..\..\..\COMPONENTS\OSAL\INCLUDE #
#                          \" -I "C:\Documents and Settings\Administrator\×ÀÃ #
#                          æ\ZStack¶¨Ê±¸´Î»¼ì²â\Projects\zstack\Samples\Sampl #
#                          eApp\CC2530DB\..\..\..\..\..\COMPONENTS\STACK\AF\" #
#                           -I "C:\Documents and Settings\Administrator\×ÀÃæ\ #
#                          ZStack¶¨Ê±¸´Î»¼ì²â\Projects\zstack\Samples\SampleA #
#                          pp\CC2530DB\..\..\..\..\..\COMPONENTS\STACK\NWK\"  #
#                          -I "C:\Documents and Settings\Administrator\×ÀÃæ\Z #
#                          Stack¶¨Ê±¸´Î»¼ì²â\Projects\zstack\Samples\SampleAp #
#                          p\CC2530DB\..\..\..\..\..\COMPONENTS\STACK\SEC\"   #
#                          -I "C:\Documents and Settings\Administrator\×ÀÃæ\Z #
#                          Stack¶¨Ê±¸´Î»¼ì²â\Projects\zstack\Samples\SampleAp #
#                          p\CC2530DB\..\..\..\..\..\COMPONENTS\STACK\SAPI\"  #
#                          -I "C:\Documents and Settings\Administrator\×ÀÃæ\Z #
#                          Stack¶¨Ê±¸´Î»¼ì²â\Projects\zstack\Samples\SampleAp #
#                          p\CC2530DB\..\..\..\..\..\COMPONENTS\STACK\SYS\"   #
#                          -I "C:\Documents and Settings\Administrator\×ÀÃæ\Z #
#                          Stack¶¨Ê±¸´Î»¼ì²â\Projects\zstack\Samples\SampleAp #
#                          p\CC2530DB\..\..\..\..\..\COMPONENTS\STACK\ZDO\"   #
#                          -I "C:\Documents and Settings\Administrator\×ÀÃæ\Z #
#                          Stack¶¨Ê±¸´Î»¼ì²â\Projects\zstack\Samples\SampleAp #
#                          p\CC2530DB\..\..\..\..\..\COMPONENTS\ZMAC\F8W\"    #
#                          -I "C:\Documents and Settings\Administrator\×ÀÃæ\Z #
#                          Stack¶¨Ê±¸´Î»¼ì²â\Projects\zstack\Samples\SampleAp #
#                          p\CC2530DB\..\..\..\..\..\COMPONENTS\ZMAC\" -I     #
#                          "C:\Documents and Settings\Administrator\×ÀÃæ\ZSta #
#                          ck¶¨Ê±¸´Î»¼ì²â\Projects\zstack\Samples\SampleApp\C #
#                          C2530DB\..\..\..\..\..\COMPONENTS\SERVICES\SADDR\" #
#                           -I "C:\Documents and Settings\Administrator\×ÀÃæ\ #
#                          ZStack¶¨Ê±¸´Î»¼ì²â\Projects\zstack\Samples\SampleA #
#                          pp\CC2530DB\..\..\..\..\..\COMPONENTS\SERVICES\SDA #
#                          TA\" -I "C:\Documents and                          #
#                          Settings\Administrator\×ÀÃæ\ZStack¶¨Ê±¸´Î»¼ì²â\Pro #
#                          jects\zstack\Samples\SampleApp\CC2530DB\..\..\..\. #
#                          .\..\COMPONENTS\MAC\INCLUDE\" -I "C:\Documents     #
#                          and Settings\Administrator\×ÀÃæ\ZStack¶¨Ê±¸´Î»¼ì²â #
#                          \Projects\zstack\Samples\SampleApp\CC2530DB\..\..\ #
#                          ..\..\..\COMPONENTS\MAC\HIGH_LEVEL\" -I            #
#                          "C:\Documents and Settings\Administrator\×ÀÃæ\ZSta #
#                          ck¶¨Ê±¸´Î»¼ì²â\Projects\zstack\Samples\SampleApp\C #
#                          C2530DB\..\..\..\..\..\COMPONENTS\MAC\LOW_LEVEL\sr #
#                          f04\" -I "C:\Documents and                         #
#                          Settings\Administrator\×ÀÃæ\ZStack¶¨Ê±¸´Î»¼ì²â\Pro #
#                          jects\zstack\Samples\SampleApp\CC2530DB\..\..\..\. #
#                          .\..\COMPONENTS\MAC\LOW_LEVEL\srf04\SINGLE_CHIP\"  #
#                          -I D:\IAR\8051\INC\ -I D:\IAR\8051\INC\CLIB\ -Ohz  #
#    List file          =  C:\Documents and Settings\Administrator\×ÀÃæ\ZStac #
#                          k¶¨Ê±¸´Î»¼ì²â\Projects\zstack\Samples\SampleApp\CC #
#                          2530DB\CoordinatorEB\List\mac_radio_defs.lst       #
#    Object file        =  C:\Documents and Settings\Administrator\×ÀÃæ\ZStac #
#                          k¶¨Ê±¸´Î»¼ì²â\Projects\zstack\Samples\SampleApp\CC #
#                          2530DB\CoordinatorEB\Obj\mac_radio_defs.r51        #
#                                                                             #
#                                                                             #
###############################################################################

C:\Documents and Settings\Administrator\×ÀÃæ\ZStack¶¨Ê±¸´Î»¼ì²â\Components\mac\low_level\srf04\single_chip\mac_radio_defs.c
      1          /**************************************************************************************************
      2            Filename:       mac_radio_defs.c
      3            Revised:        $Date: 2010-04-12 09:29:57 -0700 (Mon, 12 Apr 2010) $
      4            Revision:       $Revision: 22157 $
      5          
      6            Description:    Describe the purpose and contents of the file.
      7          
      8          
      9            Copyright 2006-2010 Texas Instruments Incorporated. All rights reserved.
     10          
     11            IMPORTANT: Your use of this Software is limited to those specific rights
     12            granted under the terms of a software license agreement between the user
     13            who downloaded the software, his/her employer (which must be your employer)
     14            and Texas Instruments Incorporated (the "License").  You may not use this
     15            Software unless you agree to abide by the terms of the License. The License
     16            limits your use, and you acknowledge, that the Software may not be modified,
     17            copied or distributed unless embedded on a Texas Instruments microcontroller
     18            or used solely and exclusively in conjunction with a Texas Instruments radio
     19            frequency transceiver, which is integrated into your product.  Other than for
     20            the foregoing purpose, you may not use, reproduce, copy, prepare derivative
     21            works of, modify, distribute, perform, display or sell this Software and/or
     22            its documentation for any purpose.
     23          
     24            YOU FURTHER ACKNOWLEDGE AND AGREE THAT THE SOFTWARE AND DOCUMENTATION ARE
     25            PROVIDED “AS IS” WITHOUT WARRANTY OF ANY KIND, EITHER EXPRESS OR IMPLIED,
     26            INCLUDING WITHOUT LIMITATION, ANY WARRANTY OF MERCHANTABILITY, TITLE,
     27            NON-INFRINGEMENT AND FITNESS FOR A PARTICULAR PURPOSE. IN NO EVENT SHALL
     28            TEXAS INSTRUMENTS OR ITS LICENSORS BE LIABLE OR OBLIGATED UNDER CONTRACT,
     29            NEGLIGENCE, STRICT LIABILITY, CONTRIBUTION, BREACH OF WARRANTY, OR OTHER
     30            LEGAL EQUITABLE THEORY ANY DIRECT OR INDIRECT DAMAGES OR EXPENSES
     31            INCLUDING BUT NOT LIMITED TO ANY INCIDENTAL, SPECIAL, INDIRECT, PUNITIVE
     32            OR CONSEQUENTIAL DAMAGES, LOST PROFITS OR LOST DATA, COST OF PROCUREMENT
     33            OF SUBSTITUTE GOODS, TECHNOLOGY, SERVICES, OR ANY CLAIMS BY THIRD PARTIES
     34            (INCLUDING BUT NOT LIMITED TO ANY DEFENSE THEREOF), OR OTHER SIMILAR COSTS.
     35          
     36            Should you have any questions regarding your right to use this Software,
     37            contact Texas Instruments Incorporated at www.TI.com.
     38          **************************************************************************************************/
     39          
     40          /* ------------------------------------------------------------------------------------------------
     41           *                                             Includes
     42           * ------------------------------------------------------------------------------------------------
     43           */
     44          #include "mac_radio_defs.h"
     45          #include "hal_types.h"
     46          #include "hal_assert.h"
     47          #include "mac_pib.h"
     48          
     49          
     50          /* ------------------------------------------------------------------------------------------------
     51           *                                        Global Constants
     52           * ------------------------------------------------------------------------------------------------
     53           */
     54          #if defined MAC_RUNTIME_CC2591 || defined MAC_RUNTIME_CC2590 || \
     55            (!defined HAL_PA_LNA && !defined HAL_PA_LNA_CC2590)
     56          

   \                                 In  segment CODE_C, align 1
     57          const uint8 CODE macRadioDefsTxPwrBare[] =
   \                     macRadioDefsTxPwrBare:
   \   000000   03EAF5E5     DB 3, 234, 245, 229, 213, 213, 197, 181, 165, 149, 149, 133, 133, 117
   \            D5D5C5B5
   \            A5959585
   \            8575    
   \   00000E   75656555     DB 117, 101, 101, 85, 85, 69, 69, 53, 53, 37, 37, 21, 21, 5
   \            55454535
   \            35252515
   \            1505    
     58          {
     59            3,  /* tramsmit power level of the first entry */
     60            (uint8)(int8)-22, /* transmit power level of the last entry */
     61            /*   3 dBm */   0xF5,   /* characterized as  4.5 dBm in datasheet */
     62            /*   2 dBm */   0xE5,   /* characterized as  2.5 dBm in datasheet */
     63            /*   1 dBm */   0xD5,   /* characterized as  1   dBm in datasheet */
     64            /*   0 dBm */   0xD5,   /* characterized as  1   dBm in datasheet */
     65            /*  -1 dBm */   0xC5,   /* characterized as -0.5 dBm in datasheet */
     66            /*  -2 dBm */   0xB5,   /* characterized as -1.5 dBm in datasheet */
     67            /*  -3 dBm */   0xA5,   /* characterized as -3   dBm in datasheet */
     68            /*  -4 dBm */   0x95,   /* characterized as -4   dBm in datasheet */
     69            /*  -5 dBm */   0x95,
     70            /*  -6 dBm */   0x85,   /* characterized as -6   dBm in datasheet */
     71            /*  -7 dBm */   0x85,
     72            /*  -8 dBm */   0x75,   /* characterized as -8   dBm in datasheet */
     73            /*  -9 dBm */   0x75,
     74            /* -10 dBm */   0x65,   /* characterized as -10  dBm in datasheet */
     75            /* -11 dBm */   0x65,
     76            /* -12 dBm */   0x55,   /* characterized as -12  dBm in datasheet */
     77            /* -13 dBm */   0x55,
     78            /* -14 dBm */   0x45,   /* characterized as -14  dBm in datasheet */
     79            /* -15 dBm */   0x45,
     80            /* -16 dBm */   0x35,   /* characterized as -16  dBm in datasheet */
     81            /* -17 dBm */   0x35,
     82            /* -18 dBm */   0x25,   /* characterized as -18  dBm in datasheet */
     83            /* -19 dBm */   0x25,
     84            /* -20 dBm */   0x15,   /* characterized as -20  dBm in datasheet */
     85            /* -21 dBm */   0x15,
     86            /* -22 dBm */   0x05    /* characterized as -22  dBm in datasheet */
     87          };
     88          #endif
     89          
     90          #if defined HAL_PA_LNA || defined MAC_RUNTIME_CC2591
     91          const uint8 CODE macRadioDefsTxPwrCC2591[] =
     92          {
     93            20,  /* tramsmit power level of the first entry */
     94            (uint8)(int8)10, /* transmit power level of the last entry */
     95            /*  20 dBm */   0xE5,   /* characterized as 20 dBm in datasheet */
     96            /*  19 dBm */   0xD5,   /* characterized as 19 dBm in datasheet */
     97            /*  18 dBm */   0xC5,   /* characterized as 18 dBm in datasheet */
     98            /*  17 dBm */   0xB5,   /* characterized as 17 dBm in datasheet */
     99            /*  16 dBm */   0xA5,   /* characterized as 16 dBm in datasheet */
    100            /*  15 dBm */   0xA5,
    101            /*  14 dBm */   0x95,   /* characterized as 14.5 dBm in datasheet */
    102            /*  13 dBm */   0x85,   /* characterized as 13 dBm in datasheet */
    103            /*  12 dBm */   0x85,
    104            /*  11 dBm */   0x75,   /* characterized as 11.5 dBm in datasheet */
    105            /*  10 dBm */   0x65    /* characterized as 10 dBm in datasheet */
    106          };
    107          #endif
    108          
    109          
    110          /* Placeholder for CC2590 */
    111          #if defined HAL_PA_LNA_CC2590 || defined MAC_RUNTIME_CC2590
    112          const uint8 CODE macRadioDefsTxPwrCC2590[] =
    113          {
    114            11,  /* tramsmit power level of the first entry */
    115            (uint8)(int8)-12, /* transmit power level of the last entry */
    116            /* Note that the characterization is preliminary */
    117            /* 11 dBm */   0xF5,   /* characterized as 11.8 dBm */
    118            /* 10 dBm */   0xE5,   /* characterized as 10.6 dBm */
    119            /*  9 dBm */   0xD5,   /* characterized as 9.5 dBm */
    120            /*  8 dBm */   0xC5,   /* characterized as 8.5 dBm */
    121            /*  7 dBm */   0xB5,   /* characterized as 7.6 dBm */
    122            /*  6 dBm */   0xA5,   /* characterized as 6.4 dBm */
    123            /*  5 dBm */   0xA5,   /* characterized as 6.4 dBm */
    124            /*  4 dBm */   0x95,   /* characterized as 4.7 dBm */
    125            /*  3 dBm */   0x85,   /* characterized as 3.5 dBm */
    126            /*  2 dBm */   0x75,   /* characterized as 2.0 dBm */
    127            /*  1 dBm */   0x75,   /* characterized as 2.0 dBm */
    128            /*  0 dBm */   0x65,   /* characterized as 0.3 dBm */
    129            /* -1 dBm */   0x65,   /* characterized as 0.3 dBm */
    130            /* -2 dBm */   0x55,   /* characterized as -1.7 dBm */
    131            /* -3 dBm */   0x55,   /* characterized as -1.7 dBm */
    132            /* -4 dBm */   0x45,   /* characterized as -3.9 dBm */
    133            /* -5 dBm */   0x45,   /* characterized as -3.9 dBm */
    134            /* -6 dBm */   0x45,   /* characterized as -3.9 dBm */
    135            /* -7 dBm */   0x35,   /* characterized as -6.3 dBm*/
    136            /* -8 dBm */   0x25,   /* characterized as -7.8 dBm */
    137            /* -9 dBm */   0x25,   /* characterized as -7.8 dBm */
    138            /* -10 dBm */  0x15,   /* characterized as -9.8 dBm */
    139            /* -11 dBm */  0x15,   /* characterized as -9.8 dBm */
    140            /* -12 dBm */  0x05,   /* characterized as -11.8 dBm */
    141          };
    142          #endif
    143          
    144          #if defined MAC_RUNTIME_CC2591 || defined MAC_RUNTIME_CC2590 || \
    145            defined HAL_PA_LNA || defined HAL_PA_LNA_CC2590
    146          
    147          /* TX power table array */
    148          const uint8 CODE *const CODE macRadioDefsTxPwrTables[] =
    149          {
    150          #if defined MAC_RUNTIME_CC2591 || defined MAC_RUNTIME_CC2590 || \
    151            (!defined HAL_PA_LNA && !defined HAL_PA_LNA_CC2590)
    152            macRadioDefsTxPwrBare,
    153          #endif
    154          
    155          #if defined HAL_PA_LNA || defined MAC_RUNTIME_CC2591
    156            macRadioDefsTxPwrCC2591,
    157          #endif
    158          
    159          #if defined HAL_PA_LNA_CC2590 || defined MAC_RUNTIME_CC2590
    160            macRadioDefsTxPwrCC2590,
    161          #endif
    162          };
    163          
    164          /* RSSI offset adjustment value array */
    165          const int8 CODE macRadioDefsRssiAdj[] =
    166          {
    167          #if defined MAC_RUNTIME_CC2591 || defined MAC_RUNTIME_CC2590 || \
    168            (!defined HAL_PA_LNA && !defined HAL_PA_LNA_CC2590)
    169            0,
    170          #endif
    171          
    172          #if defined HAL_PA_LNA || defined MAC_RUNTIME_CC2591
    173            -6, /* high gain mode */
    174            6,  /* low gain mode */
    175          #endif
    176          
    177          #if defined HAL_PA_LNA_CC2590 || defined MAC_RUNTIME_CC2590
    178          -10,  /* TBD: place holder for high gain mode */
    179            0,  /* TBD: place holder for low gain mode */
    180          #endif
    181          };
    182          
    183          #endif /* defined MAC_RUNTIME_CC2591 || defined MAC_RUNTIME_CC2590 || ... */
    184          
    185          #if defined MAC_RUNTIME_CC2591 || defined MAC_RUNTIME_CC2590 || \
    186            defined HAL_PA_LNA || defined HAL_PA_LNA_CC2590
    187          uint8 macRadioDefsRefTableId = 0;
    188          #endif
    189          
    190          /* RF observable control register value to output PA signal */
    191          #define RFC_OBS_CTRL_PA_PD_INV        0x68
    192          
    193          /* RF observable control register value to output LNA signal */
    194          #define RFC_OBS_CTRL_LNAMIX_PD_INV    0x6A
    195          
    196          /* OBSSELn register value to select RF observable 0 */
    197          #define OBSSEL_OBS_CTRL0             0xFB
    198          
    199          /* OBSSELn register value to select RF observable 1 */
    200          #define OBSSEL_OBS_CTRL1             0xFC
    201          
    202          
    203          /**************************************************************************************************
    204           * @fn          MAC_SelectRadioRegTable
    205           *
    206           * @brief       Select radio register table in case multiple register tables are included
    207           *              in the build
    208           *
    209           * @param       txPwrTblIdx - TX power register value table index
    210           * @param       rssiAdjIdx - RSSI adjustment value index
    211           *
    212           * @return      none
    213           **************************************************************************************************
    214           */

   \                                 In  segment BANKED_CODE, align 1, keep-with-next
    215          extern void MAC_SetRadioRegTable ( uint8 txPwrTblIdx, uint8 rssiAdjIdx )
   \                     MAC_SetRadioRegTable:
    216          {
   \   000000                ; Saved register size: 0
   \   000000                ; Auto size: 0
    217            /* Depending on compile flags, the parameters may not be used */
    218            (void) txPwrTblIdx;
    219            (void) rssiAdjIdx;
    220          
    221          #if defined MAC_RUNTIME_CC2591 || defined MAC_RUNTIME_CC2590
    222            if (txPwrTblIdx >= sizeof(macRadioDefsTxPwrTables)/sizeof(macRadioDefsTxPwrTables[0]))
    223            {
    224              txPwrTblIdx = 0;
    225            }
    226          #endif /* defined MAC_RUNTIME_CC2591 || defined MAC_RUNTIME_CC2590 */
    227          
    228          #if defined MAC_RUNTIME_CC2591 || defined MAC_RUNTIME_CC2590 || \
    229            defined HAL_PA_LNA || defined HAL_PA_LNA_CC2590
    230          
    231            if (rssiAdjIdx >= sizeof(macRadioDefsRssiAdj)/sizeof(macRadioDefsRssiAdj[0]))
    232            {
    233              rssiAdjIdx = 0;
    234            }
    235          
    236            macRadioDefsRefTableId = (txPwrTblIdx << 4) | rssiAdjIdx;
    237          
    238          #endif /* defined MAC_RUNTIME_CC2591 || defined MAC_RUNTIME_CC2590 || .. */
    239          }
   \   000000   02....       LJMP    ?BRET
    240          
    241          
    242          /**************************************************************************************************
    243           * @fn          macRadioTurnOnPower
    244           *
    245           * @brief       Logic and sequence for powering up the radio.
    246           *
    247           * @param       none
    248           *
    249           * @return      none
    250           **************************************************************************************************
    251           */

   \                                 In  segment BANKED_CODE, align 1, keep-with-next
    252          MAC_INTERNAL_API void macRadioTurnOnPower(void)
   \                     macRadioTurnOnPower:
    253          {
   \   000000   C082         PUSH    DPL
   \   000002   C083         PUSH    DPH
   \   000004                ; Saved register size: 2
   \   000004                ; Auto size: 0
    254            /* Enable RF error trap */
    255            MAC_MCU_RFERR_ENABLE_INTERRUPT();
   \   000004   9061A5       MOV     DPTR,#0x61a5
   \   000007   E0           MOVX    A,@DPTR
   \   000008   D2E2         SETB    0xE0 /* A   */.2
   \   00000A   F0           MOVX    @DPTR,A
    256          
    257          #if defined MAC_RUNTIME_CC2591 || defined MAC_RUNTIME_CC2590
    258            /* table ID is referenced only when runtime configuratino is enabled */
    259            if (macRadioDefsRefTableId & 0xf0)
    260          #endif /* defined MAC_RUNTIME_CC2591 || defined MAC_RUNTIME_CC2590 */
    261          
    262          #if defined MAC_RUNTIME_CC2591 || defined MAC_RUNTIME_CC2590 || \
    263            defined HAL_PA_LNA || defined HAL_PA_LNA_CC2590
    264            { /* either if compound statement or non-conditional compound statement */
    265          
    266              /* (Re-)Configure PA and LNA control signals to RF frontend chips.
    267              * Note that The register values are not retained during sleep.
    268              */
    269          
    270              /* P1_1 -> PAEN */
    271              RFC_OBS_CTRL0 = RFC_OBS_CTRL_PA_PD_INV;
    272              OBSSEL1       = OBSSEL_OBS_CTRL0;
    273          
    274              /* P1_4 -> EN (LNA control) */
    275              RFC_OBS_CTRL1 = RFC_OBS_CTRL_LNAMIX_PD_INV;
    276              OBSSEL4       = OBSSEL_OBS_CTRL1;
    277            }
    278          #endif /* defined MAC_RUNTIME_CC2591 || ... || defined HAL_PA_LNA_CC2590 */
    279          
    280            if (macChipVersion <= REV_B)
   \   00000B   90....       MOV     DPTR,#macChipVersion
   \   00000E   E0           MOVX    A,@DPTR
   \   00000F   C3           CLR     C
   \   000010   9412         SUBB    A,#0x12
   \   000012   502D         JNC     ??macRadioTurnOnPower_0
    281            {
    282              /* radio initializations for disappearing RAM; PG1.0 and before only */
    283              MAC_RADIO_SET_PAN_ID(macPib.panId);
   \   000014   90....       MOV     DPTR,#(macPib + 29)
   \   000017   E0           MOVX    A,@DPTR
   \   000018   906172       MOV     DPTR,#0x6172
   \   00001B   F0           MOVX    @DPTR,A
   \   00001C   90....       MOV     DPTR,#(macPib + 30)
   \   00001F   E0           MOVX    A,@DPTR
   \   000020   906173       MOV     DPTR,#0x6173
   \   000023   F0           MOVX    @DPTR,A
    284              MAC_RADIO_SET_SHORT_ADDR(macPib.shortAddress);
   \   000024   90....       MOV     DPTR,#(macPib + 33)
   \   000027   E0           MOVX    A,@DPTR
   \   000028   906174       MOV     DPTR,#0x6174
   \   00002B   F0           MOVX    @DPTR,A
   \   00002C   90....       MOV     DPTR,#(macPib + 34)
   \   00002F   E0           MOVX    A,@DPTR
   \   000030   906175       MOV     DPTR,#0x6175
   \   000033   F0           MOVX    @DPTR,A
    285              MAC_RADIO_SET_IEEE_ADDR(macPib.extendedAddress.addr.extAddr);
   \   000034                ; Setup parameters for call to function macMemWriteRam
   \   000034   7908         MOV     R1,#0x8
   \   000036   7C..         MOV     R4,#((macPib + 49) & 0xff)
   \   000038   7D..         MOV     R5,#(((macPib + 49) >> 8) & 0xff)
   \   00003A   7A6A         MOV     R2,#0x6a
   \   00003C   7B61         MOV     R3,#0x61
   \   00003E   12....       LCALL   ??macMemWriteRam?relay
    286            }
    287          
    288            /* Turn on frame filtering */
    289            MAC_RADIO_TURN_ON_RX_FRAME_FILTERING();
   \                     ??macRadioTurnOnPower_0:
   \   000041   E4           CLR     A
   \   000042   906180       MOV     DPTR,#0x6180
   \   000045   F0           MOVX    @DPTR,A
   \   000046   E0           MOVX    A,@DPTR
   \   000047   4405         ORL     A,#0x5
   \   000049                REQUIRE ?Subroutine0
   \   000049                ; // Fall through to label ?Subroutine0
    290          }

   \                                 In  segment BANKED_CODE, align 1, keep-with-next
   \                     ?Subroutine0:
   \   000000   F0           MOVX    @DPTR,A
   \   000001   D083         POP     DPH
   \   000003   D082         POP     DPL
   \   000005   02....       LJMP    ?BRET
    291          
    292          
    293          /**************************************************************************************************
    294           * @fn          macRadioTurnOffPower
    295           *
    296           * @brief       Logic and sequence for powering down the radio.
    297           *
    298           * @param       none
    299           *
    300           * @return      none
    301           **************************************************************************************************
    302           */

   \                                 In  segment BANKED_CODE, align 1, keep-with-next
    303          MAC_INTERNAL_API void macRadioTurnOffPower(void)
   \                     macRadioTurnOffPower:
    304          {
   \   000000   C082         PUSH    DPL
   \   000002   C083         PUSH    DPH
   \   000004                ; Saved register size: 2
   \   000004                ; Auto size: 0
    305            /* Disable RF error trap */
    306            MAC_MCU_RFERR_DISABLE_INTERRUPT();
   \   000004   9061A5       MOV     DPTR,#0x61a5
   \   000007   E0           MOVX    A,@DPTR
   \   000008   C2E2         CLR     0xE0 /* A   */.2
   \   00000A   80..         SJMP    ?Subroutine0
    307          }

   \                                 In  segment BANK_RELAYS, align 1
   \                     ??MAC_SetRadioRegTable?relay:
   \   000000   12....       LCALL   ?BDISPATCH
   \   000003   ......       DC24    MAC_SetRadioRegTable

   \                                 In  segment BANK_RELAYS, align 1
   \                     ??macRadioTurnOnPower?relay:
   \   000000   12....       LCALL   ?BDISPATCH
   \   000003   ......       DC24    macRadioTurnOnPower

   \                                 In  segment BANK_RELAYS, align 1
   \                     ??macRadioTurnOffPower?relay:
   \   000000   12....       LCALL   ?BDISPATCH
   \   000003   ......       DC24    macRadioTurnOffPower
    308          
    309          
    310          /**************************************************************************************************
    311           *                                  Compile Time Integrity Checks
    312           **************************************************************************************************
    313           */
    314          #if (HAL_CPU_CLOCK_MHZ != 32)
    315          #error "ERROR: The only tested/supported clock speed is 32 MHz."
    316          #endif
    317          
    318          #if (MAC_RADIO_RECEIVER_SENSITIVITY_DBM > MAC_SPEC_MIN_RECEIVER_SENSITIVITY)
    319          #error "ERROR: Radio sensitivity does not meet specification."
    320          #endif
    321          
    322          #if defined (HAL_PA_LNA) && defined (HAL_PA_LNA_CC2590)
    323          #error "ERROR: HAL_PA_LNA and HAL_PA_LNA_CC2590 cannot be both defined."
    324          #endif
    325          
    326          #if defined (HAL_PA_LNA) && defined (MAC_RUNTIME_CC2591)
    327          #error "ERROR: HAL_PA_LNA and MAC_RUNTIME_CC2591 cannot be both defined."
    328          #endif
    329          
    330          #if defined (HAL_PA_LNA_CC2590) && defined (MAC_RUNTIME_CC2590)
    331          #error "ERROR: HAL_PA_LNA_CC2590 and MAC_RUNTIME_CC2590 cannot be both defined."
    332          #endif
    333          
    334          
    335          /**************************************************************************************************
    336           */

   Maximum stack usage in bytes:

     Function             ISTACK PSTACK XSTACK
     --------             ------ ------ ------
     MAC_SetRadioRegTable     0      0      0
     macRadioTurnOffPower     2      0      0
     macRadioTurnOnPower      2      0      0
       -> macMemWriteRam      4      0      0


   Segment part sizes:

     Function/Label               Bytes
     --------------               -----
     macRadioDefsTxPwrBare          28
     MAC_SetRadioRegTable            3
     macRadioTurnOnPower            73
     ?Subroutine0                    8
     macRadioTurnOffPower           12
     ??MAC_SetRadioRegTable?relay    6
     ??macRadioTurnOnPower?relay     6
     ??macRadioTurnOffPower?relay    6

 
 96 bytes in segment BANKED_CODE
 18 bytes in segment BANK_RELAYS
 28 bytes in segment CODE_C
 
 142 bytes of CODE memory

Errors: none
Warnings: none
